-------------------------------------------------------------------------------
Test set: firstCucumber.RunCucumberTest
-------------------------------------------------------------------------------
Tests run: 1, Failures: 0, Errors: 1, Skipped: 0, Time elapsed: 0.779 sec <<< FAILURE!
Show list of cashback(Admin)  Time elapsed: 0.209 sec  <<< ERROR!
io.cucumber.junit.UndefinedStepException: The step "The user logged in with username "waaves3@gmail.com" and password "s3corp!"" is undefined. You can implement it using the snippet(s) below:

@Given("The user logged in with username {string} and password {string}")
public void the_user_logged_in_with_username_and_password(String string, String string2) {
    // Write code here that turns the phrase above into concrete actions
    throw new io.cucumber.java.PendingException();
}


Some other steps were also undefined:

@Given("The dashboard page already showed")
public void the_dashboard_page_already_showed() {
    // Write code here that turns the phrase above into concrete actions
    throw new io.cucumber.java.PendingException();
}
@When("The user open cashback list")
public void the_user_open_cashback_list() {
    // Write code here that turns the phrase above into concrete actions
    throw new io.cucumber.java.PendingException();
}
@Then("The list cashback will showed")
public void the_list_cashback_will_showed() {
    // Write code here that turns the phrase above into concrete actions
    throw new io.cucumber.java.PendingException();
}


