<?xml version="1.0" encoding="UTF-8" ?>
<testsuite tests="1" failures="0" name="firstCucumber.RunCucumberTest" time="0.209" errors="1" skipped="0">
  <properties>
[...]
</properties>
  <testcase classname="Admin" name="Show list of cashback" time="0.209">
    <error message="The step &quot;The user logged in with username &quot;waaves3@gmail.com&quot; and password &quot;s3corp!&quot;&quot; is undefined. You can implement it using the snippet(s) below:

@Given(&quot;The user logged in with username {string} and password {string}&quot;)
public void the_user_logged_in_with_username_and_password(String string, String string2) {
    // Write code here that turns the phrase above into concrete actions
    throw new io.cucumber.java.PendingException();
}


Some other steps were also undefined:

@Given(&quot;The dashboard page already showed&quot;)
public void the_dashboard_page_already_showed() {
    // Write code here that turns the phrase above into concrete actions
    throw new io.cucumber.java.PendingException();
}
@When(&quot;The user open cashback list&quot;)
public void the_user_open_cashback_list() {
    // Write code here that turns the phrase above into concrete actions
    throw new io.cucumber.java.PendingException();
}
@Then(&quot;The list cashback will showed&quot;)
public void the_list_cashback_will_showed() {
    // Write code here that turns the phrase above into concrete actions
    throw new io.cucumber.java.PendingException();
}
" type="io.cucumber.junit.UndefinedStepException">io.cucumber.junit.UndefinedStepException: The step &quot;The user logged in with username &quot;waaves3@gmail.com&quot; and password &quot;s3corp!&quot;&quot; is undefined. You can implement it using the snippet(s) below:

@Given(&quot;The user logged in with username {string} and password {string}&quot;)
public void the_user_logged_in_with_username_and_password(String string, String string2) {
    // Write code here that turns the phrase above into concrete actions
    throw new io.cucumber.java.PendingException();
}


Some other steps were also undefined:

@Given(&quot;The dashboard page already showed&quot;)
public void the_dashboard_page_already_showed() {
    // Write code here that turns the phrase above into concrete actions
    throw new io.cucumber.java.PendingException();
}
@When(&quot;The user open cashback list&quot;)
public void the_user_open_cashback_list() {
    // Write code here that turns the phrase above into concrete actions
    throw new io.cucumber.java.PendingException();
}
@Then(&quot;The list cashback will showed&quot;)
public void the_list_cashback_will_showed() {
    // Write code here that turns the phrase above into concrete actions
    throw new io.cucumber.java.PendingException();
}

</error>
    <system-out>
Scenario: Show list of cashback                                                     &amp;#27;[90m# src/test/resources/firstCucumber/admin.feature:5&amp;#27;[0m
  &amp;#27;[33mGiven &amp;#27;[0m&amp;#27;[33mThe user logged in with username &quot;waaves3@gmail.com&quot; and password &quot;s3corp!&quot;&amp;#27;[0m &amp;#27;[90m# null&amp;#27;[0m
  &amp;#27;[36mGiven &amp;#27;[0m&amp;#27;[36mThe dashboard page already showed&amp;#27;[0m                                           &amp;#27;[90m# null&amp;#27;[0m
  &amp;#27;[36mWhen &amp;#27;[0m&amp;#27;[36mThe user open cashback list&amp;#27;[0m                                                  &amp;#27;[90m# null&amp;#27;[0m
  &amp;#27;[36mThen &amp;#27;[0m&amp;#27;[36mThe list cashback will showed&amp;#27;[0m                                                &amp;#27;[90m# null&amp;#27;[0m
</system-out>
  </testcase>
</testsuite>